<?xml version="1.0" encoding="UTF-8"?>
<!-- Generated by org.testng.reporters.JUnitXMLReporter -->
<testsuite ignored="0" hostname="LAP03" failures="0" tests="4" name="Test" time="0.057" errors="0" timestamp="2023-01-10T20:19:15 IST">
  <testcase classname="script.TTc1" name="demo" time="0.01"/>
  <testcase classname="script.Tc4" name="demo" time="0.002"/>
  <testcase classname="script.Tc2" name="demo" time="0.001"/>
  <testcase classname="script.Tc3" name="demo" time="0.002"/>
</testsuite> <!-- Test -->
